<<<<<<< HEAD
﻿C:\Program Files (x86)\Microsoft Visual Studio\2017\Community\Common7\IDE\VC\VCTargets\Microsoft.CppBuild.targets(391,5): warning MSB8028: El directorio intermedio (Debug\) contiene archivos compartidos de otro proyecto (main.vcxproj, Trabajo_2.vcxproj). Esto puede dar lugar a un comportamiento incorrecto de limpieza y recompilación.
<<<<<<< HEAD
  binar_executer.cpp
  command_executer.cpp
c:\users\brian\documents\developer\globant\cplusplus\trabajo_2\trabajo_2\command_executer.cpp(76): warning C4244: 'argumento': conversión de 'int' a 'float'; posible pérdida de datos
  main.cpp
  menu.cpp
  operaciones_binarias.cpp
  operaciones_logicas.cpp
  operaciones_matematicas.cpp
  operaciones_preprocesador.cpp
  operaciones_string.cpp
  Generando código...
c:\users\brian\documents\developer\globant\cplusplus\trabajo_2\trabajo_2\menu.cpp(22): warning C4715: 'PrintM': no todas las rutas de acceso de control devuelven un valor
c:\users\brian\documents\developer\globant\cplusplus\trabajo_2\trabajo_2\main.cpp(16): warning C4717: 'main': recursiva para todas las rutas de acceso de control; la función provocará el desbordamiento de la pila en tiempo de ejecución
  LINK : no se encontró C:\Users\Brian\Documents\Developer\Globant\Cplusplus\Trabajo_2\Debug\Proyecto_2.exe o no lo generó el último vínculo incremental; ejecutando vínculo completo
=======
  operaciones_string.cpp
>>>>>>> 8a0a14ffe63ae4cd305e18c3a33a9ced23250c73
  Trabajo_2.vcxproj -> C:\Users\Brian\Documents\Developer\Globant\Cplusplus\Trabajo_2\Debug\Proyecto_2.exe
=======
﻿C:\Program Files (x86)\Microsoft Visual Studio\2017\Community\Common7\IDE\VC\VCTargets\Microsoft.CppBuild.targets(391,5): warning MSB8028: El directorio intermedio (Debug\) contiene archivos compartidos de otro proyecto (main.vcxproj, Trabajo_2.vcxproj). Esto puede dar lugar a un comportamiento incorrecto de limpieza y recompilación.
  operaciones_preprocesador.cpp
  Trabajo_2.vcxproj -> C:\Users\Brian\Documents\Developer\Globant\Cplusplus\Trabajo_2\Debug\Proyecto_2.exe
>>>>>>> ebde7a4ca324ec83a2d70903f5e6038c36136ecb
